  Compiling CUDA source file kernel.cu...
  
  C:\Users\javim\Documents\Visual Studio 2017\Proyectos\JuegodDeVida\JuegodDeVida>"..\..\..\..\..\..\..\Program Files\NVIDIA GPU Computing Toolkit\CUDA\v10.1\bin\nvcc.exe" -gencode=arch=compute_35,code=\"sm_35,compute_35\" --use-local-env -ccbin "C:\Program Files (x86)\Microsoft Visual Studio\2017\Community\VC\Tools\MSVC\14.16.27023\bin\HostX86\x64" -x cu  -I"..\..\..\..\..\..\..\Program Files\NVIDIA GPU Computing Toolkit\CUDA\v10.1\include" -I"..\..\..\..\..\..\..\Program Files\NVIDIA GPU Computing Toolkit\CUDA\v10.1\include"  -G   --keep-dir x64\Debug -maxrregcount=0  --machine 64 --compile -cudart static  -g   -DWIN32 -DWIN64 -D_DEBUG -D_CONSOLE -D_MBCS -Xcompiler "/EHsc /W3 /nologo /Od /Fdx64\Debug\vc141.pdb /FS /Zi /RTC1 /MDd " -o x64\Debug\kernel.cu.obj "C:\Users\javim\Documents\Visual Studio 2017\Proyectos\JuegodDeVida\JuegodDeVida\kernel.cu" 
C:/Users/javim/Documents/Visual Studio 2017/Proyectos/JuegodDeVida/JuegodDeVida/kernel.cu(5): error : expected an identifier
C:/Users/javim/Documents/Visual Studio 2017/Proyectos/JuegodDeVida/JuegodDeVida/kernel.cu(5): error : expected a ")"
C:/Users/javim/Documents/Visual Studio 2017/Proyectos/JuegodDeVida/JuegodDeVida/kernel.cu(5): error : attribute "__global__" does not apply here
C:/Users/javim/Documents/Visual Studio 2017/Proyectos/JuegodDeVida/JuegodDeVida/kernel.cu(5): warning : specifiers after comma between declarations are nonstandard
C:/Users/javim/Documents/Visual Studio 2017/Proyectos/JuegodDeVida/JuegodDeVida/kernel.cu(5): error : expected a ";"
C:/Users/javim/Documents/Visual Studio 2017/Proyectos/JuegodDeVida/JuegodDeVida/kernel.cu(46): warning : parsing restarts here after previous syntax error
C:/Users/javim/Documents/Visual Studio 2017/Proyectos/JuegodDeVida/JuegodDeVida/kernel.cu(47): error : expected a declaration
C:/Users/javim/Documents/Visual Studio 2017/Proyectos/JuegodDeVida/JuegodDeVida/kernel.cu(56): warning : parsing restarts here after previous syntax error
C:/Users/javim/Documents/Visual Studio 2017/Proyectos/JuegodDeVida/JuegodDeVida/kernel.cu(57): error : identifier "nBloques" is undefined
C:/Users/javim/Documents/Visual Studio 2017/Proyectos/JuegodDeVida/JuegodDeVida/kernel.cu(59): error : this declaration has no storage class or type specifier
C:/Users/javim/Documents/Visual Studio 2017/Proyectos/JuegodDeVida/JuegodDeVida/kernel.cu(59): error : declaration is incompatible with "cudaError_t cudaMemcpy(void *, const void *, size_t, cudaMemcpyKind)"
C:/Users/javim/Documents/Visual Studio 2017/Proyectos/JuegodDeVida/JuegodDeVida/kernel.cu(59): error : identifier "MatrizA_d" is undefined
C:/Users/javim/Documents/Visual Studio 2017/Proyectos/JuegodDeVida/JuegodDeVida/kernel.cu(59): error : expected a ")"
C:/Users/javim/Documents/Visual Studio 2017/Proyectos/JuegodDeVida/JuegodDeVida/kernel.cu(60): error : this declaration has no storage class or type specifier
C:/Users/javim/Documents/Visual Studio 2017/Proyectos/JuegodDeVida/JuegodDeVida/kernel.cu(60): error : expected a ";"
C:/Users/javim/Documents/Visual Studio 2017/Proyectos/JuegodDeVida/JuegodDeVida/kernel.cu(61): error : explicit type is missing ("int" assumed)
C:/Users/javim/Documents/Visual Studio 2017/Proyectos/JuegodDeVida/JuegodDeVida/kernel.cu(61): error : cannot overload functions distinguished by return type alone
C:/Users/javim/Documents/Visual Studio 2017/Proyectos/JuegodDeVida/JuegodDeVida/kernel.cu(63): error : this declaration has no storage class or type specifier
C:/Users/javim/Documents/Visual Studio 2017/Proyectos/JuegodDeVida/JuegodDeVida/kernel.cu(63): error : variable "cudaMemcpy" has already been defined
C:/Users/javim/Documents/Visual Studio 2017/Proyectos/JuegodDeVida/JuegodDeVida/kernel.cu(63): error : identifier "MatrizA" is undefined
C:/Users/javim/Documents/Visual Studio 2017/Proyectos/JuegodDeVida/JuegodDeVida/kernel.cu(63): error : expected a ")"
C:/Users/javim/Documents/Visual Studio 2017/Proyectos/JuegodDeVida/JuegodDeVida/kernel.cu(65): error : this declaration has no storage class or type specifier
C:/Users/javim/Documents/Visual Studio 2017/Proyectos/JuegodDeVida/JuegodDeVida/kernel.cu(65): error : declaration is incompatible with "int printf(const char *, ...)"
C:/Users/javim/Documents/Visual Studio 2017/Proyectos/JuegodDeVida/JuegodDeVida/kernel.cu(65): error : a value of type "const char *" cannot be used to initialize an entity of type "int"
C:/Users/javim/Documents/Visual Studio 2017/Proyectos/JuegodDeVida/JuegodDeVida/kernel.cu(65): error : expected a ")"
C:/Users/javim/Documents/Visual Studio 2017/Proyectos/JuegodDeVida/JuegodDeVida/kernel.cu(66): error : expected a declaration
C:/Users/javim/Documents/Visual Studio 2017/Proyectos/JuegodDeVida/JuegodDeVida/kernel.cu(75): warning : parsing restarts here after previous syntax error
C:/Users/javim/Documents/Visual Studio 2017/Proyectos/JuegodDeVida/JuegodDeVida/kernel.cu(76): error : this declaration has no storage class or type specifier
C:/Users/javim/Documents/Visual Studio 2017/Proyectos/JuegodDeVida/JuegodDeVida/kernel.cu(76): error : declaration is incompatible with "void free(void *)"
C:/Users/javim/Documents/Visual Studio 2017/Proyectos/JuegodDeVida/JuegodDeVida/kernel.cu(77): error : expected a declaration
  kernel.cu
C:\Program Files (x86)\Microsoft Visual Studio\2017\Community\Common7\IDE\VC\VCTargets\BuildCustomizations\CUDA 10.1.targets(757,9): error MSB3721: El comando ""..\..\..\..\..\..\..\Program Files\NVIDIA GPU Computing Toolkit\CUDA\v10.1\bin\nvcc.exe" -gencode=arch=compute_35,code=\"sm_35,compute_35\" --use-local-env -ccbin "C:\Program Files (x86)\Microsoft Visual Studio\2017\Community\VC\Tools\MSVC\14.16.27023\bin\HostX86\x64" -x cu  -I"..\..\..\..\..\..\..\Program Files\NVIDIA GPU Computing Toolkit\CUDA\v10.1\include" -I"..\..\..\..\..\..\..\Program Files\NVIDIA GPU Computing Toolkit\CUDA\v10.1\include"  -G   --keep-dir x64\Debug -maxrregcount=0  --machine 64 --compile -cudart static  -g   -DWIN32 -DWIN64 -D_DEBUG -D_CONSOLE -D_MBCS -Xcompiler "/EHsc /W3 /nologo /Od /Fdx64\Debug\vc141.pdb /FS /Zi /RTC1 /MDd " -o x64\Debug\kernel.cu.obj "C:\Users\javim\Documents\Visual Studio 2017\Proyectos\JuegodDeVida\JuegodDeVida\kernel.cu"" salió con el código 1.
